Will track coverage for:uContadorProgressBar
Will track coverage for:ufBase
Will track coverage for:ufPrincipal
Will track coverage for:ufTarefa1
Will track coverage for:ufTarefa2
Will track coverage for:ufTarefa3
Will track coverage for:uMatematica
Will track coverage for:uspGeradorSQL
Will track coverage for:uspQuery
Will track coverage for:uspStringUtils
Trying to start ..\TestProvaDelphi\Bin\TestProvaDelphi.exe with the Parameters :
Started successfully
Create Process:5528 name:..\TestProvaDelphi\Bin\TestProvaDelphi.exe
Adding breakpoints for module:..\TestProvaDelphi\Bin\TestProvaDelphi.exe
Module name "System.Types" did not match module from address name "System.UITypes" at address:0001A3E7
Module name "System.Generics.Collections" did not match module from address name "System.Hash" at address:00082F20
Module name "System.Hash" did not match module from address name "System.Math" at address:00088321
Module name "System.Generics.Defaults" did not match module from address name "System.Classes" at address:000D8818
Module name "System.TimeSpan" did not match module from address name "System.Diagnostics" at address:00144874
Module name "System.Diagnostics" did not match module from address name "System.SyncObjs" at address:00144B47
Module name "System.RegularExpressionsAPI" did not match module from address name "System.RegularExpressionsCore" at address:00169744
Module name "System.RegularExpressions" did not match module from address name "DUnitX.Assert" at address:00171D78
Module name "DUnitX.Loggers.Null" did not match module from address name "DUnitX.Loggers.XML.NUnit" at address:00216314
Module name "System.MaskUtils" did not match module from address name "Data.DBConsts" at address:002195CD
Module name "System.IOUtils" did not match module from address name "System.IniFiles" at address:002706B8
Module name "System.Win.Registry" did not match module from address name "Winapi.Qos" at address:0027CFA8
Module name "FireDAC.DApt.Column" did not match module from address name "FireDAC.DApt.Intf" at address:002E31C5
Module name "FireDAC.DApt.Intf" did not match module from address name "FireDAC.UI.Intf" at address:002E35EF
Module name "FireDAC.Phys.Intf" did not match module from address name "FireDAC.Stan.Param" at address:002F68CA
Module name "FireDAC.Comp.DataSet" did not match module from address name "FireDAC.Comp.UI" at address:003199E8
Module name "FireDAC.Comp.UI" did not match module from address name "FireDAC.Stan.Expr" at address:0031D3B3
Module name "FireDAC.Phys.SQLPreprocessor" did not match module from address name "FireDAC.Comp.Client" at address:00328E5F
Setting BreakPoint for module: uspGeradorSQL unit uspGeradorSQL.pas addr:102201
Adding breakpoint for uspGeradorSQL.TspGeradorSQL.Executar in uspGeradorSQL.pas
Creating class info for uspGeradorSQL class TspGeradorSQL
TBreakPoint.Activate:
Activate uspGeradorSQL.pas line 23 BreakPoint at:007582D0
Setting BreakPoint for module: uspGeradorSQL unit uspGeradorSQL.pas addr:102202
Adding breakpoint for uspGeradorSQL.TspGeradorSQL.Executar in uspGeradorSQL.pas
TBreakPoint.Activate:
Activate uspGeradorSQL.pas line 24 BreakPoint at:007582DF
Setting BreakPoint for module: uspGeradorSQL unit uspGeradorSQL.pas addr:102203
Adding breakpoint for uspGeradorSQL.TspGeradorSQL.Executar in uspGeradorSQL.pas
TBreakPoint.Activate:
Activate uspGeradorSQL.pas line 25 BreakPoint at:00758313
Module name "uspGeradorSQL" did not match module from address name "uspStringUtils" at address:00357367
Setting BreakPoint for module: uspStringUtils unit uspStringUtils.pas addr:102205
Adding breakpoint for uspStringUtils.TspStringUtils.ContarPalavras in uspStringUtils.pas
Creating class info for uspStringUtils class TspStringUtils
TBreakPoint.Activate:
Activate uspStringUtils.pas line 19 BreakPoint at:00758440
Setting BreakPoint for module: uspStringUtils unit uspStringUtils.pas addr:102206
Adding breakpoint for uspStringUtils.TspStringUtils.ContarPalavras in uspStringUtils.pas
TBreakPoint.Activate:
Activate uspStringUtils.pas line 20 BreakPoint at:00758449
Setting BreakPoint for module: uspStringUtils unit uspStringUtils.pas addr:102207
Adding breakpoint for uspStringUtils.TspStringUtils.ContarPalavras in uspStringUtils.pas
TBreakPoint.Activate:
Activate uspStringUtils.pas line 21 BreakPoint at:00758454
Setting BreakPoint for module: uspStringUtils unit uspStringUtils.pas addr:102208
Adding breakpoint for uspStringUtils.TspStringUtils.ContarPalavras in uspStringUtils.pas
TBreakPoint.Activate:
Activate uspStringUtils.pas line 22 BreakPoint at:00758459
Setting BreakPoint for module: uspStringUtils unit uspStringUtils.pas addr:102209
Adding breakpoint for uspStringUtils.TspStringUtils.ContarPalavras in uspStringUtils.pas
TBreakPoint.Activate:
Activate uspStringUtils.pas line 23 BreakPoint at:00758460
Setting BreakPoint for module: uspStringUtils unit uspStringUtils.pas addr:102210
Adding breakpoint for uspStringUtils.TspStringUtils.ContarPalavras in uspStringUtils.pas
TBreakPoint.Activate:
Activate uspStringUtils.pas line 27 BreakPoint at:0075846E
Setting BreakPoint for module: uspStringUtils unit uspStringUtils.pas addr:102211
Adding breakpoint for uspStringUtils.TspStringUtils.ContarPalavras in uspStringUtils.pas
TBreakPoint.Activate:
Activate uspStringUtils.pas line 25 BreakPoint at:00758471
Setting BreakPoint for module: uspStringUtils unit uspStringUtils.pas addr:102212
Adding breakpoint for uspStringUtils.TspStringUtils.ContarPalavras in uspStringUtils.pas
TBreakPoint.Activate:
Activate uspStringUtils.pas line 28 BreakPoint at:007584A3
Setting BreakPoint for module: uspStringUtils unit uspStringUtils.pas addr:102213
Adding breakpoint for uspStringUtils.TspStringUtils.ContarPalavras in uspStringUtils.pas
TBreakPoint.Activate:
Activate uspStringUtils.pas line 29 BreakPoint at:007584AB
Setting BreakPoint for module: uspStringUtils unit uspStringUtils.pas addr:102214
Adding breakpoint for uspStringUtils.TspStringUtils.ContarPalavras in uspStringUtils.pas
TBreakPoint.Activate:
Activate uspStringUtils.pas line 32 BreakPoint at:007584B0
Setting BreakPoint for module: uspStringUtils unit uspStringUtils.pas addr:102215
Adding breakpoint for uspStringUtils.TspStringUtils.ContarPalavras in uspStringUtils.pas
TBreakPoint.Activate:
Activate uspStringUtils.pas line 30 BreakPoint at:007584B3
Setting BreakPoint for module: uspStringUtils unit uspStringUtils.pas addr:102216
Adding breakpoint for uspStringUtils.TspStringUtils.ContarPalavras in uspStringUtils.pas
TBreakPoint.Activate:
Activate uspStringUtils.pas line 23 BreakPoint at:007584E5
Setting BreakPoint for module: uspStringUtils unit uspStringUtils.pas addr:102217
Adding breakpoint for uspStringUtils.TspStringUtils.ContarPalavras in uspStringUtils.pas
TBreakPoint.Activate:
Activate uspStringUtils.pas line 34 BreakPoint at:007584ED
Setting BreakPoint for module: uspStringUtils unit uspStringUtils.pas addr:102218
Adding breakpoint for uspStringUtils.TspStringUtils.ContarPalavras in uspStringUtils.pas
TBreakPoint.Activate:
Activate uspStringUtils.pas line 35 BreakPoint at:007584F3
Module name "uspStringUtils" did not match module from address name "uspQuery" at address:00357501
Setting BreakPoint for module: uspQuery unit uspQuery.pas addr:102220
Adding breakpoint for uspQuery.TspQuery.AtualizarSQL in uspQuery.pas
Creating class info for uspQuery class TspQuery
TBreakPoint.Activate:
Activate uspQuery.pas line 42 BreakPoint at:00758B40
Setting BreakPoint for module: uspQuery unit uspQuery.pas addr:102221
Adding breakpoint for uspQuery.TspQuery.AtualizarSQL in uspQuery.pas
TBreakPoint.Activate:
Activate uspQuery.pas line 43 BreakPoint at:00758B5C
Setting BreakPoint for module: uspQuery unit uspQuery.pas addr:102222
Adding breakpoint for uspQuery.TspQuery.AtualizarSQL in uspQuery.pas
TBreakPoint.Activate:
Activate uspQuery.pas line 44 BreakPoint at:00758B79
Setting BreakPoint for module: uspQuery unit uspQuery.pas addr:102223
Adding breakpoint for uspQuery.TspQuery.Create in uspQuery.pas
TBreakPoint.Activate:
Activate uspQuery.pas line 47 BreakPoint at:00758B9C
Setting BreakPoint for module: uspQuery unit uspQuery.pas addr:102224
Adding breakpoint for uspQuery.TspQuery.Create in uspQuery.pas
TBreakPoint.Activate:
Activate uspQuery.pas line 48 BreakPoint at:00758BB7
Setting BreakPoint for module: uspQuery unit uspQuery.pas addr:102225
Adding breakpoint for uspQuery.TspQuery.Create in uspQuery.pas
TBreakPoint.Activate:
Activate uspQuery.pas line 50 BreakPoint at:00758BC4
Setting BreakPoint for module: uspQuery unit uspQuery.pas addr:102226
Adding breakpoint for uspQuery.TspQuery.Create in uspQuery.pas
TBreakPoint.Activate:
Activate uspQuery.pas line 51 BreakPoint at:00758BD9
Setting BreakPoint for module: uspQuery unit uspQuery.pas addr:102227
Adding breakpoint for uspQuery.TspQuery.Create in uspQuery.pas
TBreakPoint.Activate:
Activate uspQuery.pas line 52 BreakPoint at:00758BEE
Setting BreakPoint for module: uspQuery unit uspQuery.pas addr:102228
Adding breakpoint for uspQuery.TspQuery.Create in uspQuery.pas
TBreakPoint.Activate:
Activate uspQuery.pas line 54 BreakPoint at:00758C03
Setting BreakPoint for module: uspQuery unit uspQuery.pas addr:102229
Adding breakpoint for uspQuery.TspQuery.Create in uspQuery.pas
TBreakPoint.Activate:
Activate uspQuery.pas line 55 BreakPoint at:00758C19
Setting BreakPoint for module: uspQuery unit uspQuery.pas addr:102230
Adding breakpoint for uspQuery.TspQuery.Create in uspQuery.pas
TBreakPoint.Activate:
Activate uspQuery.pas line 56 BreakPoint at:00758C2F
Setting BreakPoint for module: uspQuery unit uspQuery.pas addr:102231
Adding breakpoint for uspQuery.TspQuery.Create in uspQuery.pas
TBreakPoint.Activate:
Activate uspQuery.pas line 57 BreakPoint at:00758C45
Setting BreakPoint for module: uspQuery unit uspQuery.pas addr:102232
Adding breakpoint for uspQuery.TspQuery.Destroy in uspQuery.pas
TBreakPoint.Activate:
Activate uspQuery.pas line 60 BreakPoint at:00758C64
Setting BreakPoint for module: uspQuery unit uspQuery.pas addr:102233
Adding breakpoint for uspQuery.TspQuery.Destroy in uspQuery.pas
TBreakPoint.Activate:
Activate uspQuery.pas line 61 BreakPoint at:00758C75
Setting BreakPoint for module: uspQuery unit uspQuery.pas addr:102234
Adding breakpoint for uspQuery.TspQuery.Destroy in uspQuery.pas
TBreakPoint.Activate:
Activate uspQuery.pas line 62 BreakPoint at:00758C82
Setting BreakPoint for module: uspQuery unit uspQuery.pas addr:102235
Adding breakpoint for uspQuery.TspQuery.Destroy in uspQuery.pas
TBreakPoint.Activate:
Activate uspQuery.pas line 63 BreakPoint at:00758C8F
Setting BreakPoint for module: uspQuery unit uspQuery.pas addr:102236
Adding breakpoint for uspQuery.TspQuery.Destroy in uspQuery.pas
TBreakPoint.Activate:
Activate uspQuery.pas line 65 BreakPoint at:00758C9C
Setting BreakPoint for module: uspQuery unit uspQuery.pas addr:102237
Adding breakpoint for uspQuery.TspQuery.Destroy in uspQuery.pas
TBreakPoint.Activate:
Activate uspQuery.pas line 66 BreakPoint at:00758CAA
Setting BreakPoint for module: uspQuery unit uspQuery.pas addr:102238
Adding breakpoint for uspQuery.TspQuery.ValidarSpTabelas in uspQuery.pas
TBreakPoint.Activate:
Activate uspQuery.pas line 69 BreakPoint at:00758CBC
Setting BreakPoint for module: uspQuery unit uspQuery.pas addr:102239
Adding breakpoint for uspQuery.TspQuery.ValidarSpTabelas in uspQuery.pas
TBreakPoint.Activate:
Activate uspQuery.pas line 70 BreakPoint at:00758CD8
Setting BreakPoint for module: uspQuery unit uspQuery.pas addr:102240
Adding breakpoint for uspQuery.TspQuery.ValidarSpTabelas in uspQuery.pas
TBreakPoint.Activate:
Activate uspQuery.pas line 71 BreakPoint at:00758D05
Setting BreakPoint for module: uspQuery unit uspQuery.pas addr:102241
Adding breakpoint for uspQuery.TspQuery.ValidarSpTabelas in uspQuery.pas
TBreakPoint.Activate:
Activate uspQuery.pas line 72 BreakPoint at:00758D1B
Setting BreakPoint for module: uspQuery unit uspQuery.pas addr:102242
Adding breakpoint for uspQuery.TspQuery.DoChangeProperties in uspQuery.pas
TBreakPoint.Activate:
Activate uspQuery.pas line 75 BreakPoint at:00758D90
Setting BreakPoint for module: uspQuery unit uspQuery.pas addr:102243
Adding breakpoint for uspQuery.TspQuery.DoChangeProperties in uspQuery.pas
TBreakPoint.Activate:
Activate uspQuery.pas line 76 BreakPoint at:00758D9C
Setting BreakPoint for module: uspQuery unit uspQuery.pas addr:102244
Adding breakpoint for uspQuery.TspQuery.DoChangeProperties in uspQuery.pas
TBreakPoint.Activate:
Activate uspQuery.pas line 77 BreakPoint at:00758DA4
Setting BreakPoint for module: uspQuery unit uspQuery.pas addr:102245
Adding breakpoint for uspQuery.TspQuery.DoChangeTabelas in uspQuery.pas
TBreakPoint.Activate:
Activate uspQuery.pas line 80 BreakPoint at:00758DA8
Setting BreakPoint for module: uspQuery unit uspQuery.pas addr:102246
Adding breakpoint for uspQuery.TspQuery.DoChangeTabelas in uspQuery.pas
TBreakPoint.Activate:
Activate uspQuery.pas line 81 BreakPoint at:00758DB4
Setting BreakPoint for module: uspQuery unit uspQuery.pas addr:102247
Adding breakpoint for uspQuery.TspQuery.DoChangeTabelas in uspQuery.pas
TBreakPoint.Activate:
Activate uspQuery.pas line 83 BreakPoint at:00758DBC
Setting BreakPoint for module: uspQuery unit uspQuery.pas addr:102248
Adding breakpoint for uspQuery.TspQuery.DoChangeTabelas in uspQuery.pas
TBreakPoint.Activate:
Activate uspQuery.pas line 84 BreakPoint at:00758DC7
Setting BreakPoint for module: uspQuery unit uspQuery.pas addr:102249
Adding breakpoint for uspQuery.TspQuery.GerarSQL in uspQuery.pas
TBreakPoint.Activate:
Activate uspQuery.pas line 87 BreakPoint at:00758DCC
Setting BreakPoint for module: uspQuery unit uspQuery.pas addr:102250
Adding breakpoint for uspQuery.TspQuery.GerarSQL in uspQuery.pas
TBreakPoint.Activate:
Activate uspQuery.pas line 88 BreakPoint at:00758DEA
Setting BreakPoint for module: uspQuery unit uspQuery.pas addr:102251
Adding breakpoint for uspQuery.TspQuery.GerarSQL in uspQuery.pas
TBreakPoint.Activate:
Activate uspQuery.pas line 90 BreakPoint at:00758E33
Setting BreakPoint for module: uspQuery unit uspQuery.pas addr:102252
Adding breakpoint for uspQuery.TspQuery.SetspColunas in uspQuery.pas
TBreakPoint.Activate:
Activate uspQuery.pas line 93 BreakPoint at:00758E5C
Setting BreakPoint for module: uspQuery unit uspQuery.pas addr:102253
Adding breakpoint for uspQuery.TspQuery.SetspColunas in uspQuery.pas
TBreakPoint.Activate:
Activate uspQuery.pas line 94 BreakPoint at:00758E68
Setting BreakPoint for module: uspQuery unit uspQuery.pas addr:102254
Adding breakpoint for uspQuery.TspQuery.SetspColunas in uspQuery.pas
TBreakPoint.Activate:
Activate uspQuery.pas line 95 BreakPoint at:00758E7C
Setting BreakPoint for module: uspQuery unit uspQuery.pas addr:102255
Adding breakpoint for uspQuery.TspQuery.SetspCondicoes in uspQuery.pas
TBreakPoint.Activate:
Activate uspQuery.pas line 98 BreakPoint at:00758E80
Setting BreakPoint for module: uspQuery unit uspQuery.pas addr:102256
Adding breakpoint for uspQuery.TspQuery.SetspCondicoes in uspQuery.pas
TBreakPoint.Activate:
Activate uspQuery.pas line 99 BreakPoint at:00758E8C
Setting BreakPoint for module: uspQuery unit uspQuery.pas addr:102257
Adding breakpoint for uspQuery.TspQuery.SetspCondicoes in uspQuery.pas
TBreakPoint.Activate:
Activate uspQuery.pas line 100 BreakPoint at:00758EA0
Setting BreakPoint for module: uspQuery unit uspQuery.pas addr:102258
Adding breakpoint for uspQuery.TspQuery.SetspTabelas in uspQuery.pas
TBreakPoint.Activate:
Activate uspQuery.pas line 103 BreakPoint at:00758EA4
Setting BreakPoint for module: uspQuery unit uspQuery.pas addr:102259
Adding breakpoint for uspQuery.TspQuery.SetspTabelas in uspQuery.pas
TBreakPoint.Activate:
Activate uspQuery.pas line 104 BreakPoint at:00758EB0
Setting BreakPoint for module: uspQuery unit uspQuery.pas addr:102260
Adding breakpoint for uspQuery.TspQuery.SetspTabelas in uspQuery.pas
TBreakPoint.Activate:
Activate uspQuery.pas line 105 BreakPoint at:00758EC4
Setting BreakPoint for module: uspQuery unit uspQuery.pas addr:102261
Adding breakpoint for uspQuery.TspQuery.AtualizarLista in uspQuery.pas
TBreakPoint.Activate:
Activate uspQuery.pas line 109 BreakPoint at:00758EC8
Setting BreakPoint for module: uspQuery unit uspQuery.pas addr:102262
Adding breakpoint for uspQuery.TspQuery.AtualizarLista in uspQuery.pas
TBreakPoint.Activate:
Activate uspQuery.pas line 110 BreakPoint at:00758EEE
Setting BreakPoint for module: uspQuery unit uspQuery.pas addr:102263
Adding breakpoint for uspQuery.TspQuery.AtualizarLista in uspQuery.pas
TBreakPoint.Activate:
Activate uspQuery.pas line 113 BreakPoint at:00758F17
Setting BreakPoint for module: uspQuery unit uspQuery.pas addr:102264
Adding breakpoint for uspQuery.TspQuery.AtualizarLista in uspQuery.pas
TBreakPoint.Activate:
Activate uspQuery.pas line 114 BreakPoint at:00758F21
Setting BreakPoint for module: uspQuery unit uspQuery.pas addr:102265
Adding breakpoint for uspQuery.TspQuery.AtualizarLista in uspQuery.pas
TBreakPoint.Activate:
Activate uspQuery.pas line 115 BreakPoint at:00758F2F
Setting BreakPoint for module: uspQuery unit uspQuery.pas addr:102266
Adding breakpoint for uspQuery.TspQuery.AtualizarLista in uspQuery.pas
TBreakPoint.Activate:
Activate uspQuery.pas line 117 BreakPoint at:00758F49
Setting BreakPoint for module: uspQuery unit uspQuery.pas addr:102267
Adding breakpoint for uspQuery.TspQuery.AtualizarLista in uspQuery.pas
TBreakPoint.Activate:
Activate uspQuery.pas line 119 BreakPoint at:00758F5B
Module name "uspQuery" did not match module from address name "FireDAC.DApt" at address:00357F89
Module name "FireDAC.Phys.SQLGenerator" did not match module from address name "FireDAC.Phys.Meta" at address:0036A67B
Module name "FireDAC.Phys.Meta" did not match module from address name "FireDAC.Phys" at address:00371F33
Module name "FireDAC.Phys.TDataDef" did not match module from address name "FireDAC.Phys.ODBCCli" at address:00392BE7
Module name "FireDAC.Phys.ODBCBase" did not match module from address name "FireDAC.Phys.TData" at address:003B6F5B
Module name "Data.DBCommon" did not match module from address name "Datasnap.MidConst" at address:003C2543
Module name "uTarefa3Mock" did not match module from address name "uMatematica" at address:003F0C77
Setting BreakPoint for module: uMatematica unit uMatematica.pas addr:123328
Adding breakpoint for uMatematica.TMatematica.DividirPeloAnterior in uMatematica.pas
Creating class info for uMatematica class TMatematica
TBreakPoint.Activate:
Activate uMatematica.pas line 23 BreakPoint at:007F1DC4
Setting BreakPoint for module: uMatematica unit uMatematica.pas addr:123329
Adding breakpoint for uMatematica.TMatematica.DividirPeloAnterior in uMatematica.pas
TBreakPoint.Activate:
Activate uMatematica.pas line 24 BreakPoint at:007F1DD3
Setting BreakPoint for module: uMatematica unit uMatematica.pas addr:123330
Adding breakpoint for uMatematica.TMatematica.DividirPeloAnterior in uMatematica.pas
TBreakPoint.Activate:
Activate uMatematica.pas line 25 BreakPoint at:007F1DDB
Setting BreakPoint for module: uMatematica unit uMatematica.pas addr:123331
Adding breakpoint for uMatematica.TMatematica.DividirPeloAnterior in uMatematica.pas
TBreakPoint.Activate:
Activate uMatematica.pas line 26 BreakPoint at:007F1DED
Setting BreakPoint for module: uMatematica unit uMatematica.pas addr:123332
Adding breakpoint for uMatematica.TMatematica.DividirPeloAnterior in uMatematica.pas
TBreakPoint.Activate:
Activate uMatematica.pas line 28 BreakPoint at:007F1DFA
Setting BreakPoint for module: uMatematica unit uMatematica.pas addr:123333
Adding breakpoint for uMatematica.TMatematica.DividirPeloAnterior in uMatematica.pas
TBreakPoint.Activate:
Activate uMatematica.pas line 29 BreakPoint at:007F1E02
Setting BreakPoint for module: uMatematica unit uMatematica.pas addr:123334
Adding breakpoint for uMatematica.TMatematica.DividirPeloAnterior in uMatematica.pas
TBreakPoint.Activate:
Activate uMatematica.pas line 30 BreakPoint at:007F1E10
Setting BreakPoint for module: uMatematica unit uMatematica.pas addr:123335
Adding breakpoint for uMatematica.TMatematica.DividirPeloAnterior in uMatematica.pas
TBreakPoint.Activate:
Activate uMatematica.pas line 33 BreakPoint at:007F1E1A
Setting BreakPoint for module: uMatematica unit uMatematica.pas addr:123336
Adding breakpoint for uMatematica.TMatematica.DividirPeloAnterior in uMatematica.pas
TBreakPoint.Activate:
Activate uMatematica.pas line 34 BreakPoint at:007F1E2E
Setting BreakPoint for module: uMatematica unit uMatematica.pas addr:123337
Adding breakpoint for uMatematica.TMatematica.DividirPeloAnterior in uMatematica.pas
TBreakPoint.Activate:
Activate uMatematica.pas line 35 BreakPoint at:007F1E36
Setting BreakPoint for module: uMatematica unit uMatematica.pas addr:123338
Adding breakpoint for uMatematica.TMatematica.DividirPeloAnterior in uMatematica.pas
TBreakPoint.Activate:
Activate uMatematica.pas line 36 BreakPoint at:007F1E4A
Setting BreakPoint for module: uMatematica unit uMatematica.pas addr:123339
Adding breakpoint for uMatematica.TMatematica.DividirPeloAnterior in uMatematica.pas
TBreakPoint.Activate:
Activate uMatematica.pas line 39 BreakPoint at:007F1E56
Setting BreakPoint for module: uMatematica unit uMatematica.pas addr:123340
Adding breakpoint for uMatematica.TMatematica.DividirPeloAnterior in uMatematica.pas
TBreakPoint.Activate:
Activate uMatematica.pas line 31 BreakPoint at:007F1E6D
Setting BreakPoint for module: uMatematica unit uMatematica.pas addr:123341
Adding breakpoint for uMatematica.TMatematica.DividirPeloAnterior in uMatematica.pas
TBreakPoint.Activate:
Activate uMatematica.pas line 42 BreakPoint at:007F1E86
Setting BreakPoint for module: uMatematica unit uMatematica.pas addr:123342
Adding breakpoint for uMatematica.TMatematica.DividirPeloAnterior in uMatematica.pas
TBreakPoint.Activate:
Activate uMatematica.pas line 44 BreakPoint at:007F1E96
Setting BreakPoint for module: uMatematica unit uMatematica.pas addr:123343
Adding breakpoint for uMatematica.TMatematica.Somar in uMatematica.pas
TBreakPoint.Activate:
Activate uMatematica.pas line 48 BreakPoint at:007F1EA4
Setting BreakPoint for module: uMatematica unit uMatematica.pas addr:123344
Adding breakpoint for uMatematica.TMatematica.Somar in uMatematica.pas
TBreakPoint.Activate:
Activate uMatematica.pas line 49 BreakPoint at:007F1EB3
Setting BreakPoint for module: uMatematica unit uMatematica.pas addr:123345
Adding breakpoint for uMatematica.TMatematica.Somar in uMatematica.pas
TBreakPoint.Activate:
Activate uMatematica.pas line 50 BreakPoint at:007F1EBB
Setting BreakPoint for module: uMatematica unit uMatematica.pas addr:123346
Adding breakpoint for uMatematica.TMatematica.Somar in uMatematica.pas
TBreakPoint.Activate:
Activate uMatematica.pas line 51 BreakPoint at:007F1ECD
Setting BreakPoint for module: uMatematica unit uMatematica.pas addr:123347
Adding breakpoint for uMatematica.TMatematica.Somar in uMatematica.pas
TBreakPoint.Activate:
Activate uMatematica.pas line 53 BreakPoint at:007F1ED7
Setting BreakPoint for module: uMatematica unit uMatematica.pas addr:123348
Adding breakpoint for uMatematica.TMatematica.Somar in uMatematica.pas
TBreakPoint.Activate:
Activate uMatematica.pas line 54 BreakPoint at:007F1EDF
Setting BreakPoint for module: uMatematica unit uMatematica.pas addr:123349
Adding breakpoint for uMatematica.TMatematica.Somar in uMatematica.pas
TBreakPoint.Activate:
Activate uMatematica.pas line 55 BreakPoint at:007F1EED
Setting BreakPoint for module: uMatematica unit uMatematica.pas addr:123350
Adding breakpoint for uMatematica.TMatematica.Somar in uMatematica.pas
TBreakPoint.Activate:
Activate uMatematica.pas line 58 BreakPoint at:007F1EF7
Setting BreakPoint for module: uMatematica unit uMatematica.pas addr:123351
Adding breakpoint for uMatematica.TMatematica.Somar in uMatematica.pas
TBreakPoint.Activate:
Activate uMatematica.pas line 59 BreakPoint at:007F1F10
Setting BreakPoint for module: uMatematica unit uMatematica.pas addr:123352
Adding breakpoint for uMatematica.TMatematica.Somar in uMatematica.pas
TBreakPoint.Activate:
Activate uMatematica.pas line 56 BreakPoint at:007F1F18
Setting BreakPoint for module: uMatematica unit uMatematica.pas addr:123353
Adding breakpoint for uMatematica.TMatematica.Somar in uMatematica.pas
TBreakPoint.Activate:
Activate uMatematica.pas line 62 BreakPoint at:007F1F31
Setting BreakPoint for module: uMatematica unit uMatematica.pas addr:123354
Adding breakpoint for uMatematica.TMatematica.Somar in uMatematica.pas
TBreakPoint.Activate:
Activate uMatematica.pas line 64 BreakPoint at:007F1F41
Module name "uMatematica" did not match module from address name "uTarefa3Gestor" at address:003F0F4F
Module name "uTarefa3Gestor" did not match module from address name "uTestTarefa3Gestor" at address:003F13FF
Module name "FireDAC.Stan.Option" did not match module from address name "FireDAC.Stan.Param" at address:003FA8E4
Module name "FireDAC.Comp.Client" did not match module from address name "FireDAC.DApt" at address:003FAA58
Module name "FireDAC.DApt" did not match module from address name "FireDAC.Phys" at address:003FAAC0
Module name "FireDAC.Phys" did not match module from address name "FireDAC.Phys.TDataMeta" at address:003FAB04
Module Data.DB skipped
Module Data.DBCommon skipped
Module Data.FmtBcd skipped
Module Data.SqlTimSt skipped
Module Datasnap.DataBkr skipped
Module Datasnap.DBClient skipped
Module Datasnap.DSIntf skipped
Module Datasnap.Provider skipped
Module delayhlp skipped
Module DUnitX.Banner skipped
Module DUnitX.IoC skipped
Module DUnitX.Loggers.Null skipped
Module FireDAC.Comp.Client skipped
Module FireDAC.Comp.DataSet skipped
Module FireDAC.Comp.UI skipped
Module FireDAC.DApt skipped
Module FireDAC.DApt.Column skipped
Module FireDAC.DApt.Intf skipped
Module FireDAC.DatS skipped
Module FireDAC.Phys skipped
Module FireDAC.Phys.Intf skipped
Module FireDAC.Phys.Meta skipped
Module FireDAC.Phys.ODBCBase skipped
Module FireDAC.Phys.ODBCWrapper skipped
Module FireDAC.Phys.SQLGenerator skipped
Module FireDAC.Phys.SQLPreprocessor skipped
Module FireDAC.Phys.TData skipped
Module FireDAC.Phys.TDataDef skipped
Module FireDAC.Phys.TDataMeta skipped
Module FireDAC.Stan.Error skipped
Module FireDAC.Stan.Expr skipped
Module FireDAC.Stan.Factory skipped
Module FireDAC.Stan.Intf skipped
Module FireDAC.Stan.Option skipped
Module FireDAC.Stan.Param skipped
Module FireDAC.Stan.SQLTimeInt skipped
Module FireDAC.Stan.Util skipped
Module FireDAC.UI.Intf skipped
Module GETMEM skipped
Module pcre_compile skipped
Module pcre_exec skipped
Module pcre_fullinfo skipped
Module pcre_get skipped
Module pcre_maketables skipped
Module pcre_newline skipped
Module pcre_ord2utf8 skipped
Module pcre_study skipped
Module pcre_valid_utf8 skipped
Module pcre_xclass skipped
Module SysInit skipped
Module System skipped
Module System.AnsiStrings skipped
Module System.Character skipped
Module System.Character.5.2.0 skipped
Module System.Classes skipped
Module System.DateUtils skipped
Module System.Diagnostics skipped
Module System.Generics.Collections skipped
Module System.Generics.Defaults skipped
Module System.Hash skipped
Module System.IniFiles skipped
Module System.Internal.ExcUtils skipped
Module System.IOUtils skipped
Module System.Masks skipped
Module System.MaskUtils skipped
Module System.Math skipped
Module System.RegularExpressions skipped
Module System.RegularExpressionsAPI skipped
Module System.RegularExpressionsCore skipped
Module System.Rtti skipped
Module System.StrUtils skipped
Module System.SyncObjs skipped
Module System.SysUtils skipped
Module System.TimeSpan skipped
Module System.Types skipped
Module System.TypInfo skipped
Module System.UITypes skipped
Module System.Variants skipped
Module System.VarUtils skipped
Module System.Win.ComObj skipped
Module System.Win.Crtl skipped
Module System.Win.Registry skipped
Module TestProvaDelphi skipped
Module uTarefa3Gestor skipped
Module uTarefa3Mock skipped
Module uTestspQuery skipped
Module uTestTarefa3Gestor skipped
Module Winapi.ActiveX skipped
Module Winapi.CommCtrl skipped
Module Winapi.PsAPI skipped
Module Winapi.ShellAPI skipped
Module Winapi.SHFolder skipped
Module Winapi.Windows skipped
Module WindowsAPIs skipped
Done adding  BreakPoints
ReadProcessMemory error: Somente uma parte de um pedido ReadProcessMemory ou WriteProcessMemory foi concluída
GetModuleFileNameEx error: Identificador inválido
Loading DLL at addr:76D10000 (C:\WINDOWS\SysWOW64\KERNEL32.DLL) size :409600
Done adding  BreakPoints
Loading DLL at addr:75C80000 (C:\WINDOWS\SysWOW64\KERNELBASE.dll) size :1926144
Done adding  BreakPoints
Create thread:3376
Loading DLL at addr:763E0000 (C:\WINDOWS\SysWOW64\ole32.dll) size :758272
Done adding  BreakPoints
Loading DLL at addr:75860000 (C:\WINDOWS\SysWOW64\ucrtbase.dll) size :1106432
Done adding  BreakPoints
Loading DLL at addr:6C2F0000 (C:\WINDOWS\SysWOW64\SHFolder.dll) size :3584
Done adding  BreakPoints
Create thread:2924
Loading DLL at addr:76B70000 (C:\WINDOWS\SysWOW64\msvcrt.dll) size :722432
Done adding  BreakPoints
Loading DLL at addr:75980000 (C:\WINDOWS\SysWOW64\RPCRT4.dll) size :711680
Done adding  BreakPoints
Create thread:16464
Loading DLL at addr:764F0000 (C:\WINDOWS\SysWOW64\SHELL32.dll) size :5503488
Done adding  BreakPoints
Loading DLL at addr:77360000 (C:\WINDOWS\SysWOW64\combase.dll) size :2349056
Done adding  BreakPoints
Loading DLL at addr:77060000 (C:\WINDOWS\SysWOW64\msvcp_win.dll) size :449536
Done adding  BreakPoints
Loading DLL at addr:755B0000 (C:\WINDOWS\SysWOW64\GDI32.dll) size :108544
Done adding  BreakPoints
Loading DLL at addr:75C10000 (C:\WINDOWS\SysWOW64\win32u.dll) size :21504
Done adding  BreakPoints
Loading DLL at addr:75A40000 (C:\WINDOWS\SysWOW64\USER32.dll) size :654336
Done adding  BreakPoints
Loading DLL at addr:76EF0000 (C:\WINDOWS\SysWOW64\gdi32full.dll) size :756736
Done adding  BreakPoints
Loading DLL at addr:75F00000 (C:\WINDOWS\SysWOW64\oleaut32.dll) size :552960
Done adding  BreakPoints
Loading DLL at addr:749C0000 (C:\WINDOWS\SysWOW64\version.dll) size :10752
Done adding  BreakPoints
Loading DLL at addr:770E0000 (C:\WINDOWS\SysWOW64\advapi32.dll) size :422912
Done adding  BreakPoints
Loading DLL at addr:74840000 (C:\WINDOWS\SysWOW64\netapi32.dll) size :51712
Done adding  BreakPoints
Loading DLL at addr:76AF0000 (C:\WINDOWS\SysWOW64\sechost.dll) size :417280
Done adding  BreakPoints
Loading DLL at addr:74830000 (C:\WINDOWS\SysWOW64\NETUTILS.DLL) size :20992
Done adding  BreakPoints
Couldn't find BreakPoint for exception address:776B1BA2
Loading DLL at addr:75BE0000 (C:\WINDOWS\SysWOW64\IMM32.DLL) size :100864
Done adding  BreakPoints
Loading DLL at addr:4DAE0000 (C:\Program Files (x86)\Embarcadero\Studio\19.0\bin\midas.dll) size :352256
Done adding  BreakPoints
Adding coverage:uMatematica.pas (uMatematica) 48
Clearing BreakPoint at 007F1EA4
De-Activate uMatematica.pas line 48 BreakPoint at:007F1EA4
Adding coverage:uMatematica.pas (uMatematica) 49
Clearing BreakPoint at 007F1EB3
De-Activate uMatematica.pas line 49 BreakPoint at:007F1EB3
Adding coverage:uMatematica.pas (uMatematica) 50
Clearing BreakPoint at 007F1EBB
De-Activate uMatematica.pas line 50 BreakPoint at:007F1EBB
Adding coverage:uMatematica.pas (uMatematica) 53
Clearing BreakPoint at 007F1ED7
De-Activate uMatematica.pas line 53 BreakPoint at:007F1ED7
Adding coverage:uMatematica.pas (uMatematica) 54
Clearing BreakPoint at 007F1EDF
De-Activate uMatematica.pas line 54 BreakPoint at:007F1EDF
Adding coverage:uMatematica.pas (uMatematica) 55
Clearing BreakPoint at 007F1EED
De-Activate uMatematica.pas line 55 BreakPoint at:007F1EED
Adding coverage:uMatematica.pas (uMatematica) 56
Clearing BreakPoint at 007F1F18
De-Activate uMatematica.pas line 56 BreakPoint at:007F1F18
Adding coverage:uMatematica.pas (uMatematica) 58
Clearing BreakPoint at 007F1EF7
De-Activate uMatematica.pas line 58 BreakPoint at:007F1EF7
Adding coverage:uMatematica.pas (uMatematica) 59
Clearing BreakPoint at 007F1F10
De-Activate uMatematica.pas line 59 BreakPoint at:007F1F10
Adding coverage:uMatematica.pas (uMatematica) 62
Clearing BreakPoint at 007F1F31
De-Activate uMatematica.pas line 62 BreakPoint at:007F1F31
Adding coverage:uMatematica.pas (uMatematica) 64
Clearing BreakPoint at 007F1F41
De-Activate uMatematica.pas line 64 BreakPoint at:007F1F41
Adding coverage:uMatematica.pas (uMatematica) 23
Clearing BreakPoint at 007F1DC4
De-Activate uMatematica.pas line 23 BreakPoint at:007F1DC4
Adding coverage:uMatematica.pas (uMatematica) 24
Clearing BreakPoint at 007F1DD3
De-Activate uMatematica.pas line 24 BreakPoint at:007F1DD3
Adding coverage:uMatematica.pas (uMatematica) 25
Clearing BreakPoint at 007F1DDB
De-Activate uMatematica.pas line 25 BreakPoint at:007F1DDB
Adding coverage:uMatematica.pas (uMatematica) 28
Clearing BreakPoint at 007F1DFA
De-Activate uMatematica.pas line 28 BreakPoint at:007F1DFA
Adding coverage:uMatematica.pas (uMatematica) 29
Clearing BreakPoint at 007F1E02
De-Activate uMatematica.pas line 29 BreakPoint at:007F1E02
Adding coverage:uMatematica.pas (uMatematica) 30
Clearing BreakPoint at 007F1E10
De-Activate uMatematica.pas line 30 BreakPoint at:007F1E10
Adding coverage:uMatematica.pas (uMatematica) 31
Clearing BreakPoint at 007F1E6D
De-Activate uMatematica.pas line 31 BreakPoint at:007F1E6D
Adding coverage:uMatematica.pas (uMatematica) 33
Clearing BreakPoint at 007F1E1A
De-Activate uMatematica.pas line 33 BreakPoint at:007F1E1A
Adding coverage:uMatematica.pas (uMatematica) 34
Clearing BreakPoint at 007F1E2E
De-Activate uMatematica.pas line 34 BreakPoint at:007F1E2E
Adding coverage:uMatematica.pas (uMatematica) 35
Clearing BreakPoint at 007F1E36
De-Activate uMatematica.pas line 35 BreakPoint at:007F1E36
Adding coverage:uMatematica.pas (uMatematica) 36
Clearing BreakPoint at 007F1E4A
De-Activate uMatematica.pas line 36 BreakPoint at:007F1E4A
Adding coverage:uMatematica.pas (uMatematica) 39
Clearing BreakPoint at 007F1E56
De-Activate uMatematica.pas line 39 BreakPoint at:007F1E56
Adding coverage:uMatematica.pas (uMatematica) 42
Clearing BreakPoint at 007F1E86
De-Activate uMatematica.pas line 42 BreakPoint at:007F1E86
Adding coverage:uMatematica.pas (uMatematica) 44
Clearing BreakPoint at 007F1E96
De-Activate uMatematica.pas line 44 BreakPoint at:007F1E96
Adding coverage:uspQuery.pas (uspQuery) 47
Clearing BreakPoint at 00758B9C
De-Activate uspQuery.pas line 47 BreakPoint at:00758B9C
Adding coverage:uspQuery.pas (uspQuery) 48
Clearing BreakPoint at 00758BB7
De-Activate uspQuery.pas line 48 BreakPoint at:00758BB7
Adding coverage:uspQuery.pas (uspQuery) 50
Clearing BreakPoint at 00758BC4
De-Activate uspQuery.pas line 50 BreakPoint at:00758BC4
Adding coverage:uspQuery.pas (uspQuery) 51
Clearing BreakPoint at 00758BD9
De-Activate uspQuery.pas line 51 BreakPoint at:00758BD9
Adding coverage:uspQuery.pas (uspQuery) 52
Clearing BreakPoint at 00758BEE
De-Activate uspQuery.pas line 52 BreakPoint at:00758BEE
Adding coverage:uspQuery.pas (uspQuery) 54
Clearing BreakPoint at 00758C03
De-Activate uspQuery.pas line 54 BreakPoint at:00758C03
Adding coverage:uspQuery.pas (uspQuery) 55
Clearing BreakPoint at 00758C19
De-Activate uspQuery.pas line 55 BreakPoint at:00758C19
Adding coverage:uspQuery.pas (uspQuery) 56
Clearing BreakPoint at 00758C2F
De-Activate uspQuery.pas line 56 BreakPoint at:00758C2F
Adding coverage:uspQuery.pas (uspQuery) 57
Clearing BreakPoint at 00758C45
De-Activate uspQuery.pas line 57 BreakPoint at:00758C45
Adding coverage:uspQuery.pas (uspQuery) 75
Clearing BreakPoint at 00758D90
De-Activate uspQuery.pas line 75 BreakPoint at:00758D90
Adding coverage:uspQuery.pas (uspQuery) 76
Clearing BreakPoint at 00758D9C
De-Activate uspQuery.pas line 76 BreakPoint at:00758D9C
Adding coverage:uspQuery.pas (uspQuery) 42
Clearing BreakPoint at 00758B40
De-Activate uspQuery.pas line 42 BreakPoint at:00758B40
Adding coverage:uspQuery.pas (uspQuery) 43
Clearing BreakPoint at 00758B5C
De-Activate uspQuery.pas line 43 BreakPoint at:00758B5C
Adding coverage:uspQuery.pas (uspQuery) 87
Clearing BreakPoint at 00758DCC
De-Activate uspQuery.pas line 87 BreakPoint at:00758DCC
Adding coverage:uspQuery.pas (uspQuery) 88
Clearing BreakPoint at 00758DEA
De-Activate uspQuery.pas line 88 BreakPoint at:00758DEA
Adding coverage:uspGeradorSQL.pas (uspGeradorSQL) 23
Clearing BreakPoint at 007582D0
De-Activate uspGeradorSQL.pas line 23 BreakPoint at:007582D0
Adding coverage:uspGeradorSQL.pas (uspGeradorSQL) 24
Clearing BreakPoint at 007582DF
De-Activate uspGeradorSQL.pas line 24 BreakPoint at:007582DF
Adding coverage:uspGeradorSQL.pas (uspGeradorSQL) 25
Clearing BreakPoint at 00758313
De-Activate uspGeradorSQL.pas line 25 BreakPoint at:00758313
Adding coverage:uspQuery.pas (uspQuery) 90
Clearing BreakPoint at 00758E33
De-Activate uspQuery.pas line 90 BreakPoint at:00758E33
Adding coverage:uspQuery.pas (uspQuery) 44
Clearing BreakPoint at 00758B79
De-Activate uspQuery.pas line 44 BreakPoint at:00758B79
Adding coverage:uspQuery.pas (uspQuery) 77
Clearing BreakPoint at 00758DA4
De-Activate uspQuery.pas line 77 BreakPoint at:00758DA4
Adding coverage:uspQuery.pas (uspQuery) 80
Clearing BreakPoint at 00758DA8
De-Activate uspQuery.pas line 80 BreakPoint at:00758DA8
Adding coverage:uspQuery.pas (uspQuery) 81
Clearing BreakPoint at 00758DB4
De-Activate uspQuery.pas line 81 BreakPoint at:00758DB4
Adding coverage:uspQuery.pas (uspQuery) 69
Clearing BreakPoint at 00758CBC
De-Activate uspQuery.pas line 69 BreakPoint at:00758CBC
Adding coverage:uspQuery.pas (uspQuery) 70
Clearing BreakPoint at 00758CD8
De-Activate uspQuery.pas line 70 BreakPoint at:00758CD8
Adding coverage:uspStringUtils.pas (uspStringUtils) 19
Clearing BreakPoint at 00758440
De-Activate uspStringUtils.pas line 19 BreakPoint at:00758440
Adding coverage:uspStringUtils.pas (uspStringUtils) 20
Clearing BreakPoint at 00758449
De-Activate uspStringUtils.pas line 20 BreakPoint at:00758449
Adding coverage:uspStringUtils.pas (uspStringUtils) 21
Clearing BreakPoint at 00758454
De-Activate uspStringUtils.pas line 21 BreakPoint at:00758454
Adding coverage:uspStringUtils.pas (uspStringUtils) 22
Clearing BreakPoint at 00758459
De-Activate uspStringUtils.pas line 22 BreakPoint at:00758459
Adding coverage:uspStringUtils.pas (uspStringUtils) 23
Clearing BreakPoint at 00758460
De-Activate uspStringUtils.pas line 23 BreakPoint at:00758460
Adding coverage:uspStringUtils.pas (uspStringUtils) 25
Clearing BreakPoint at 00758471
De-Activate uspStringUtils.pas line 25 BreakPoint at:00758471
Adding coverage:uspStringUtils.pas (uspStringUtils) 28
Clearing BreakPoint at 007584A3
De-Activate uspStringUtils.pas line 28 BreakPoint at:007584A3
Adding coverage:uspStringUtils.pas (uspStringUtils) 29
Clearing BreakPoint at 007584AB
De-Activate uspStringUtils.pas line 29 BreakPoint at:007584AB
Adding coverage:uspStringUtils.pas (uspStringUtils) 30
Clearing BreakPoint at 007584B3
De-Activate uspStringUtils.pas line 30 BreakPoint at:007584B3
Adding coverage:uspStringUtils.pas (uspStringUtils) 32
Clearing BreakPoint at 007584B0
De-Activate uspStringUtils.pas line 32 BreakPoint at:007584B0
Adding coverage:uspStringUtils.pas (uspStringUtils) 23
Clearing BreakPoint at 007584E5
De-Activate uspStringUtils.pas line 23 BreakPoint at:007584E5
Adding coverage:uspStringUtils.pas (uspStringUtils) 34
Clearing BreakPoint at 007584ED
De-Activate uspStringUtils.pas line 34 BreakPoint at:007584ED
Adding coverage:uspStringUtils.pas (uspStringUtils) 35
Clearing BreakPoint at 007584F3
De-Activate uspStringUtils.pas line 35 BreakPoint at:007584F3
Adding coverage:uspQuery.pas (uspQuery) 72
Clearing BreakPoint at 00758D1B
De-Activate uspQuery.pas line 72 BreakPoint at:00758D1B
Adding coverage:uspQuery.pas (uspQuery) 83
Clearing BreakPoint at 00758DBC
De-Activate uspQuery.pas line 83 BreakPoint at:00758DBC
Adding coverage:uspQuery.pas (uspQuery) 84
Clearing BreakPoint at 00758DC7
De-Activate uspQuery.pas line 84 BreakPoint at:00758DC7
Adding coverage:uspQuery.pas (uspQuery) 60
Clearing BreakPoint at 00758C64
De-Activate uspQuery.pas line 60 BreakPoint at:00758C64
Adding coverage:uspQuery.pas (uspQuery) 61
Clearing BreakPoint at 00758C75
De-Activate uspQuery.pas line 61 BreakPoint at:00758C75
Adding coverage:uspQuery.pas (uspQuery) 62
Clearing BreakPoint at 00758C82
De-Activate uspQuery.pas line 62 BreakPoint at:00758C82
Adding coverage:uspQuery.pas (uspQuery) 63
Clearing BreakPoint at 00758C8F
De-Activate uspQuery.pas line 63 BreakPoint at:00758C8F
Adding coverage:uspQuery.pas (uspQuery) 65
Clearing BreakPoint at 00758C9C
De-Activate uspQuery.pas line 65 BreakPoint at:00758C9C
Adding coverage:uspQuery.pas (uspQuery) 66
Clearing BreakPoint at 00758CAA
De-Activate uspQuery.pas line 66 BreakPoint at:00758CAA
Adding coverage:uspStringUtils.pas (uspStringUtils) 27
Clearing BreakPoint at 0075846E
De-Activate uspStringUtils.pas line 27 BreakPoint at:0075846E
Adding coverage:uspQuery.pas (uspQuery) 71
Clearing BreakPoint at 00758D05
De-Activate uspQuery.pas line 71 BreakPoint at:00758D05
EXCEPTION CODE:0EEDFADE
Address:75DAA6F2
EXCEPTION flags:00000001
---------------Stack trace --------------
Module : ..\TestProvaDelphi\Bin\TestProvaDelphi.exe Stack frame:00758D1B
Exact line:uspQuery line 72
Module : ..\TestProvaDelphi\Bin\TestProvaDelphi.exe Stack frame:00758DBC
Exact line:uspQuery line 83
Module : ..\TestProvaDelphi\Bin\TestProvaDelphi.exe Stack frame:005071A8
Exact line:System.Classes line 7026
Module : ..\TestProvaDelphi\Bin\TestProvaDelphi.exe Stack frame:007BB065
Exact line:uTestspQuery line 63
Module : ..\TestProvaDelphi\Bin\TestProvaDelphi.exe Stack frame:00576EB8
After line:DUnitX.Banner line 46
Module : ..\TestProvaDelphi\Bin\TestProvaDelphi.exe Stack frame:007BB0DE
Exact line:uTestspQuery line 64
Module : ..\TestProvaDelphi\Bin\TestProvaDelphi.exe Stack frame:004ADC84
Exact line:System.Rtti line 7760
Module : ..\TestProvaDelphi\Bin\TestProvaDelphi.exe Stack frame:004AE088
Exact line:System.Rtti line 7983
Module : ..\TestProvaDelphi\Bin\TestProvaDelphi.exe Stack frame:004A4F19
Exact line:System.Rtti line 5893
Module : ..\TestProvaDelphi\Bin\TestProvaDelphi.exe Stack frame:004AE433
Exact line:System.Rtti line 9222
Module : ..\TestProvaDelphi\Bin\TestProvaDelphi.exe Stack frame:005C3DA4
After line:System.DateUtils line 668
Module : ..\TestProvaDelphi\Bin\TestProvaDelphi.exe Stack frame:005ED6F6
After line:DUnitX.Loggers.Null line 68
Module : ..\TestProvaDelphi\Bin\TestProvaDelphi.exe Stack frame:005ED9B8
After line:DUnitX.Loggers.Null line 68
Module : ..\TestProvaDelphi\Bin\TestProvaDelphi.exe Stack frame:005ED0BC
After line:DUnitX.Loggers.Null line 68
Module : ..\TestProvaDelphi\Bin\TestProvaDelphi.exe Stack frame:005ED0E9
After line:DUnitX.Loggers.Null line 68
Module : ..\TestProvaDelphi\Bin\TestProvaDelphi.exe Stack frame:005ECD5D
After line:DUnitX.Loggers.Null line 68
No module found for exception address:007FBDAD
Module : C:\WINDOWS\SysWOW64\KERNEL32.DLL Stack frame:76D2FA29
Module : C:\WINDOWS\SysWOW64\KERNEL32.DLL - no MAP information exists
No module found for exception address:77667A9E
No module found for exception address:77667A6E
No module found for exception address:007FBCB8
---------------End of Stack trace --------------
EXCEPTION CODE:0EEDFADE
Address:75DAA6F2
EXCEPTION flags:00000001
---------------Stack trace --------------
Module : ..\TestProvaDelphi\Bin\TestProvaDelphi.exe Stack frame:00758D1B
Exact line:uspQuery line 72
Module : ..\TestProvaDelphi\Bin\TestProvaDelphi.exe Stack frame:00758DBC
Exact line:uspQuery line 83
Module : ..\TestProvaDelphi\Bin\TestProvaDelphi.exe Stack frame:005071A8
Exact line:System.Classes line 7026
Module : ..\TestProvaDelphi\Bin\TestProvaDelphi.exe Stack frame:007BB065
Exact line:uTestspQuery line 63
Module : ..\TestProvaDelphi\Bin\TestProvaDelphi.exe Stack frame:00576EB8
After line:DUnitX.Banner line 46
Module : ..\TestProvaDelphi\Bin\TestProvaDelphi.exe Stack frame:007BB0DE
Exact line:uTestspQuery line 64
Module : ..\TestProvaDelphi\Bin\TestProvaDelphi.exe Stack frame:004ADC84
Exact line:System.Rtti line 7760
Module : ..\TestProvaDelphi\Bin\TestProvaDelphi.exe Stack frame:004AE088
Exact line:System.Rtti line 7983
Module : ..\TestProvaDelphi\Bin\TestProvaDelphi.exe Stack frame:004A4F19
Exact line:System.Rtti line 5893
Module : ..\TestProvaDelphi\Bin\TestProvaDelphi.exe Stack frame:004AE433
Exact line:System.Rtti line 9222
Module : ..\TestProvaDelphi\Bin\TestProvaDelphi.exe Stack frame:005C3DA4
After line:System.DateUtils line 668
Module : ..\TestProvaDelphi\Bin\TestProvaDelphi.exe Stack frame:005ED6F6
After line:DUnitX.Loggers.Null line 68
Module : ..\TestProvaDelphi\Bin\TestProvaDelphi.exe Stack frame:005ED9B8
After line:DUnitX.Loggers.Null line 68
Module : ..\TestProvaDelphi\Bin\TestProvaDelphi.exe Stack frame:005ED0BC
After line:DUnitX.Loggers.Null line 68
Module : ..\TestProvaDelphi\Bin\TestProvaDelphi.exe Stack frame:005ED0E9
After line:DUnitX.Loggers.Null line 68
Module : ..\TestProvaDelphi\Bin\TestProvaDelphi.exe Stack frame:005ECD5D
After line:DUnitX.Loggers.Null line 68
No module found for exception address:007FBDAD
Module : C:\WINDOWS\SysWOW64\KERNEL32.DLL Stack frame:76D2FA29
Module : C:\WINDOWS\SysWOW64\KERNEL32.DLL - no MAP information exists
No module found for exception address:77667A9E
No module found for exception address:77667A6E
No module found for exception address:007FBCB8
---------------End of Stack trace --------------
Wait For Debug Event timed-out
Wait For Debug Event timed-out
Wait For Debug Event timed-out
UnLoading DLL:00000001
Thread exit:16464
Thread exit:3376
Thread exit:2924
Process 5528 exiting. Exit code :0
Finished processing debug events
ProcedureReport
Generating reports
Generating coverage report
Source dir: D:\ProvaDelphiTarefas\ProvaDelphiApp\Src\Domain
Output dir: Relatorio
Generating xml coverage report
Generating EMMA file
Generating EMMA data for module: ModuleInfo[ modulename=uspGeradorSQL, filename=uspGeradorSQL.pas ]
Generating EMMA data for class: TspGeradorSQL
Generating EMMA data for method: Executar l:3 c:3
Generating EMMA data for module: ModuleInfo[ modulename=uMatematica, filename=uMatematica.pas ]
Generating EMMA data for class: TMatematica
Generating EMMA data for method: DividirPeloAnterior l:15 c:14
Generating EMMA data for method: Somar l:12 c:11
Generating EMMA data for module: ModuleInfo[ modulename=uspQuery, filename=uspQuery.pas ]
Generating EMMA data for class: TspQuery
Generating EMMA data for method: SetspTabelas l:3 c:0
Generating EMMA data for method: AtualizarLista l:7 c:0
Generating EMMA data for method: ValidarSpTabelas l:4 c:4
Generating EMMA data for method: Create l:9 c:9
Generating EMMA data for method: SetspCondicoes l:3 c:0
Generating EMMA data for method: DoChangeProperties l:3 c:3
Generating EMMA data for method: AtualizarSQL l:3 c:3
Generating EMMA data for method: DoChangeTabelas l:4 c:4
Generating EMMA data for method: GerarSQL l:3 c:3
Generating EMMA data for method: Destroy l:6 c:6
Generating EMMA data for method: SetspColunas l:3 c:0
Generating EMMA data for module: ModuleInfo[ modulename=uspStringUtils, filename=uspStringUtils.pas ]
Generating EMMA data for class: TspStringUtils
Generating EMMA data for method: ContarPalavras l:13 c:13
Emma file generated
Finished generating reports

Summary:

+-----------+-----------+-----------+
|   Lines   |  Covered  | Covered % |
+-----------+-----------+-----------+
|        91 |        73 |      80 % |
+-----------+-----------+-----------+
